<?xml version="1.0" encoding="UTF-8"?>
<testsuite xmlns:xsi="http://www.w3.org/2001/XMLSchema-instance" xsi:noNamespaceSchemaLocation="https://maven.apache.org/surefire/maven-surefire-plugin/xsd/surefire-test-report.xsd" name="com.example.electricity_bill_management_app.usecase.update_bill.UpdateBillUseCaseTest" time="0.056" tests="4" errors="1" skipped="0" failures="2">
  <properties>
[...]
</properties>
  <testcase name="testUpdateVNBillSuccess" classname="com.example.electricity_bill_management_app.usecase.update_bill.UpdateBillUseCaseTest" time="0.011">
    <failure type="java.lang.AssertionError">java.lang.AssertionError
	at com.example.electricity_bill_management_app.usecase.update_bill.UpdateBillUseCaseTest.testUpdateVNBillSuccess(UpdateBillUseCaseTest.java:57)
</failure>
    <system-out><![CDATA[Lỗi không tìm thấy: Không tìm thấy hóa đơn
]]></system-out>
  </testcase>
  <testcase name="testUpdateBillInvalidData" classname="com.example.electricity_bill_management_app.usecase.update_bill.UpdateBillUseCaseTest" time="0.001">
    <error message="Cannot invoke &quot;com.example.electricity_bill_management_app.usecase.update_bill.UpdateBillRequestDTO.getCustomerName()&quot; because &quot;originalBill&quot; is null" type="java.lang.NullPointerException">java.lang.NullPointerException: Cannot invoke "com.example.electricity_bill_management_app.usecase.update_bill.UpdateBillRequestDTO.getCustomerName()" because "originalBill" is null
	at com.example.electricity_bill_management_app.usecase.update_bill.UpdateBillUseCaseTest.testUpdateBillInvalidData(UpdateBillUseCaseTest.java:127)
</error>
    <system-out><![CDATA[Lỗi validation: Dữ liệu đầu vào không hợp lệ
]]></system-out>
  </testcase>
  <testcase name="testUpdateBillNotFound" classname="com.example.electricity_bill_management_app.usecase.update_bill.UpdateBillUseCaseTest" time="0"/>
  <testcase name="testUpdateForeignBillSuccess" classname="com.example.electricity_bill_management_app.usecase.update_bill.UpdateBillUseCaseTest" time="0">
    <failure type="java.lang.AssertionError">java.lang.AssertionError
	at com.example.electricity_bill_management_app.usecase.update_bill.UpdateBillUseCaseTest.testUpdateForeignBillSuccess(UpdateBillUseCaseTest.java:83)
</failure>
    <system-out><![CDATA[Lỗi không tìm thấy: Không tìm thấy hóa đơn
]]></system-out>
  </testcase>
</testsuite>